# JRE version: Java(TM) SE Runtime Environment (23.0+37) (build 23+37-2369)
# Java VM: Java HotSpot(TM) 64-Bit Server VM (23+37-2369, mixed mode, sharing, tiered, compressed oops, compressed class ptrs, g1 gc, windows-amd64)
GC Precious Log:
 CardTable entry size: 512
 Card Set container configuration: InlinePtr #cards 5 size 8 Array Of Cards #cards 10 size 36 Howl #buckets 4 coarsen threshold 1843 Howl Bitmap #cards 512 size 80 coarsen threshold 460 Card regions per heap region 1 cards per card region 2048
 CPUs: 12 total, 12 available
 Memory: 7916M
 Large Page Support: Disabled
 NUMA Support: Disabled
 Compressed Oops: Enabled (32-bit)
 Heap Region Size: 1M
 Heap Min Capacity: 8M
 Heap Initial Capacity: 124M
 Heap Max Capacity: 2G
 Pre-touch: Disabled
 Parallel Workers: 10
 Concurrent Workers: 3
 Concurrent Refinement Workers: 10
 Periodic GC: Disabled
Heap:
 garbage-first heap   total reserved 2097152K, committed 98304K, used 82713K [0x0000000080000000, 0x0000000100000000)
  region size 1024K, 41 young (41984K), 7 survivors (7168K)
 Metaspace       used 56728K, committed 58496K, reserved 1114112K
  class space    used 8276K, committed 9152K, reserved 1048576K
GC Heap History (20 events):
Event: 4.714 GC heap before
{Heap before GC invocations=3 (full 0):
 garbage-first heap   total reserved 2097152K, committed 126976K, used 71144K [0x0000000080000000, 0x0000000100000000)
  region size 1024K, 59 young (60416K), 8 survivors (8192K)
 Metaspace       used 20758K, committed 21376K, reserved 1114112K
  class space    used 3066K, committed 3328K, reserved 1048576K
}
Event: 4.721 GC heap after
{Heap after GC invocations=4 (full 0):
 garbage-first heap   total reserved 2097152K, committed 126976K, used 23193K [0x0000000080000000, 0x0000000100000000)
  region size 1024K, 4 young (4096K), 4 survivors (4096K)
 Metaspace       used 20758K, committed 21376K, reserved 1114112K
  class space    used 3066K, committed 3328K, reserved 1048576K
}
Event: 4.743 GC heap before
{Heap before GC invocations=4 (full 0):
 garbage-first heap   total reserved 2097152K, committed 126976K, used 24217K [0x0000000080000000, 0x0000000100000000)
  region size 1024K, 6 young (6144K), 4 survivors (4096K)
 Metaspace       used 20909K, committed 21504K, reserved 1114112K
  class space    used 3097K, committed 3392K, reserved 1048576K
}
Event: 4.747 GC heap after
{Heap after GC invocations=5 (full 0):
 garbage-first heap   total reserved 2097152K, committed 126976K, used 23201K [0x0000000080000000, 0x0000000100000000)
  region size 1024K, 4 young (4096K), 4 survivors (4096K)
 Metaspace       used 20909K, committed 21504K, reserved 1114112K
  class space    used 3097K, committed 3392K, reserved 1048576K
}
Event: 5.493 GC heap before
{Heap before GC invocations=6 (full 0):
 garbage-first heap   total reserved 2097152K, committed 81920K, used 70305K [0x0000000080000000, 0x0000000100000000)
  region size 1024K, 48 young (49152K), 4 survivors (4096K)
 Metaspace       used 28138K, committed 29056K, reserved 1114112K
  class space    used 4076K, committed 4480K, reserved 1048576K
}
Event: 5.498 GC heap after
{Heap after GC invocations=7 (full 0):
 garbage-first heap   total reserved 2097152K, committed 81920K, used 25353K [0x0000000080000000, 0x0000000100000000)
  region size 1024K, 3 young (3072K), 3 survivors (3072K)
 Metaspace       used 28138K, committed 29056K, reserved 1114112K
  class space    used 4076K, committed 4480K, reserved 1048576K
}
Event: 6.017 GC heap before
{Heap before GC invocations=7 (full 0):
 garbage-first heap   total reserved 2097152K, committed 81920K, used 63241K [0x0000000080000000, 0x0000000100000000)
  region size 1024K, 40 young (40960K), 3 survivors (3072K)
 Metaspace       used 32959K, committed 34176K, reserved 1114112K
  class space    used 4911K, committed 5504K, reserved 1048576K
}
Event: 6.023 GC heap after
{Heap after GC invocations=8 (full 0):
 garbage-first heap   total reserved 2097152K, committed 81920K, used 27063K [0x0000000080000000, 0x0000000100000000)
  region size 1024K, 5 young (5120K), 5 survivors (5120K)
 Metaspace       used 32959K, committed 34176K, reserved 1114112K
  class space    used 4911K, committed 5504K, reserved 1048576K
}
Event: 6.148 GC heap before
{Heap before GC invocations=8 (full 0):
 garbage-first heap   total reserved 2097152K, committed 81920K, used 37303K [0x0000000080000000, 0x0000000100000000)
  region size 1024K, 16 young (16384K), 5 survivors (5120K)
 Metaspace       used 34623K, committed 35968K, reserved 1114112K
  class space    used 5156K, committed 5760K, reserved 1048576K
}
Event: 6.152 GC heap after
{Heap after GC invocations=9 (full 0):
 garbage-first heap   total reserved 2097152K, committed 81920K, used 27642K [0x0000000080000000, 0x0000000100000000)
  region size 1024K, 3 young (3072K), 3 survivors (3072K)
 Metaspace       used 34623K, committed 35968K, reserved 1114112K
  class space    used 5156K, committed 5760K, reserved 1048576K
}
Event: 6.528 GC heap before
{Heap before GC invocations=10 (full 0):
 garbage-first heap   total reserved 2097152K, committed 81920K, used 66554K [0x0000000080000000, 0x0000000100000000)
  region size 1024K, 42 young (43008K), 3 survivors (3072K)
 Metaspace       used 39715K, committed 41024K, reserved 1114112K
  class space    used 5706K, committed 6336K, reserved 1048576K
}
Event: 6.536 GC heap after
{Heap after GC invocations=11 (full 0):
 garbage-first heap   total reserved 2097152K, committed 81920K, used 32758K [0x0000000080000000, 0x0000000100000000)
  region size 1024K, 6 young (6144K), 6 survivors (6144K)
 Metaspace       used 39715K, committed 41024K, reserved 1114112K
  class space    used 5706K, committed 6336K, reserved 1048576K
}
Event: 6.904 GC heap before
{Heap before GC invocations=11 (full 0):
 garbage-first heap   total reserved 2097152K, committed 81920K, used 68598K [0x0000000080000000, 0x0000000100000000)
  region size 1024K, 41 young (41984K), 6 survivors (6144K)
 Metaspace       used 42237K, committed 43712K, reserved 1114112K
  class space    used 6159K, committed 6848K, reserved 1048576K
}
Event: 6.913 GC heap after
{Heap after GC invocations=12 (full 0):
 garbage-first heap   total reserved 2097152K, committed 81920K, used 35848K [0x0000000080000000, 0x0000000100000000)
  region size 1024K, 3 young (3072K), 3 survivors (3072K)
 Metaspace       used 42237K, committed 43712K, reserved 1114112K
  class space    used 6159K, committed 6848K, reserved 1048576K
}
Event: 7.373 GC heap before
{Heap before GC invocations=12 (full 0):
 garbage-first heap   total reserved 2097152K, committed 81920K, used 70664K [0x0000000080000000, 0x0000000100000000)
  region size 1024K, 37 young (37888K), 3 survivors (3072K)
 Metaspace       used 46639K, committed 48256K, reserved 1114112K
  class space    used 6864K, committed 7616K, reserved 1048576K
}
Event: 7.377 GC heap after
{Heap after GC invocations=13 (full 0):
 garbage-first heap   total reserved 2097152K, committed 98304K, used 37728K [0x0000000080000000, 0x0000000100000000)
  region size 1024K, 5 young (5120K), 5 survivors (5120K)
 Metaspace       used 46639K, committed 48256K, reserved 1114112K
  class space    used 6864K, committed 7616K, reserved 1048576K
}
Event: 8.429 GC heap before
{Heap before GC invocations=13 (full 0):
 garbage-first heap   total reserved 2097152K, committed 98304K, used 83808K [0x0000000080000000, 0x0000000100000000)
  region size 1024K, 50 young (51200K), 5 survivors (5120K)
 Metaspace       used 52312K, committed 54080K, reserved 1114112K
  class space    used 7745K, committed 8576K, reserved 1048576K
}
Event: 8.435 GC heap after
{Heap after GC invocations=14 (full 0):
 garbage-first heap   total reserved 2097152K, committed 98304K, used 41315K [0x0000000080000000, 0x0000000100000000)
  region size 1024K, 6 young (6144K), 6 survivors (6144K)
 Metaspace       used 52312K, committed 54080K, reserved 1114112K
  class space    used 7745K, committed 8576K, reserved 1048576K
}
Event: 9.790 GC heap before
{Heap before GC invocations=14 (full 0):
 garbage-first heap   total reserved 2097152K, committed 98304K, used 84323K [0x0000000080000000, 0x0000000100000000)
  region size 1024K, 49 young (50176K), 6 survivors (6144K)
 Metaspace       used 56149K, committed 57920K, reserved 1114112K
  class space    used 8223K, committed 9088K, reserved 1048576K
}
Event: 9.799 GC heap after
{Heap after GC invocations=15 (full 0):
 garbage-first heap   total reserved 2097152K, committed 98304K, used 47897K [0x0000000080000000, 0x0000000100000000)
  region size 1024K, 7 young (7168K), 7 survivors (7168K)
 Metaspace       used 56149K, committed 57920K, reserved 1114112K
  class space    used 8223K, committed 9088K, reserved 1048576K
}

