# JRE version: OpenJDK Runtime Environment (17.0.11) (build 17.0.11+0--11852314)
# Java VM: OpenJDK 64-Bit Server VM (17.0.11+0--11852314, mixed mode, tiered, compressed oops, compressed class ptrs, g1 gc, windows-amd64)
GC Precious Log:
 CPUs: 12 total, 12 available
 Memory: 7916M
 Large Page Support: Disabled
 NUMA Support: Disabled
 Compressed Oops: Enabled (32-bit)
 Heap Region Size: 1M
 Heap Min Capacity: 8M
 Heap Initial Capacity: 124M
 Heap Max Capacity: 2G
 Pre-touch: Disabled
 Parallel Workers: 10
 Concurrent Workers: 3
 Concurrent Refinement Workers: 10
 Periodic GC: Disabled
Heap:
 garbage-first heap   total 285696K, used 158708K [0x0000000080000000, 0x0000000100000000)
  region size 1024K, 2 young (2048K), 2 survivors (2048K)
 Metaspace       used 97201K, committed 97920K, reserved 1179648K
  class space    used 12728K, committed 13120K, reserved 1048576K
GC Heap History (20 events):
Event: 32.298 GC heap after
{Heap after GC invocations=32 (full 0):
 garbage-first heap   total 285696K, used 69995K [0x0000000080000000, 0x0000000100000000)
  region size 1024K, 7 young (7168K), 7 survivors (7168K)
 Metaspace       used 67390K, committed 68032K, reserved 1114112K
  class space    used 9015K, committed 9344K, reserved 1048576K
}
Event: 37.611 GC heap before
{Heap before GC invocations=32 (full 0):
 garbage-first heap   total 285696K, used 229739K [0x0000000080000000, 0x0000000100000000)
  region size 1024K, 164 young (167936K), 7 survivors (7168K)
 Metaspace       used 72835K, committed 73472K, reserved 1114112K
  class space    used 9788K, committed 10112K, reserved 1048576K
}
Event: 37.632 GC heap after
{Heap after GC invocations=33 (full 0):
 garbage-first heap   total 285696K, used 76156K [0x0000000080000000, 0x0000000100000000)
  region size 1024K, 13 young (13312K), 13 survivors (13312K)
 Metaspace       used 72835K, committed 73472K, reserved 1114112K
  class space    used 9788K, committed 10112K, reserved 1048576K
}
Event: 3582.039 GC heap before
{Heap before GC invocations=33 (full 0):
 garbage-first heap   total 285696K, used 230780K [0x0000000080000000, 0x0000000100000000)
  region size 1024K, 165 young (168960K), 13 survivors (13312K)
 Metaspace       used 80457K, committed 81152K, reserved 1179648K
  class space    used 10555K, committed 10880K, reserved 1048576K
}
Event: 3582.342 GC heap after
{Heap after GC invocations=34 (full 0):
 garbage-first heap   total 285696K, used 78061K [0x0000000080000000, 0x0000000100000000)
  region size 1024K, 11 young (11264K), 11 survivors (11264K)
 Metaspace       used 80457K, committed 81152K, reserved 1179648K
  class space    used 10555K, committed 10880K, reserved 1048576K
}
Event: 5872.878 GC heap before
{Heap before GC invocations=35 (full 0):
 garbage-first heap   total 270336K, used 227565K [0x0000000080000000, 0x0000000100000000)
  region size 1024K, 158 young (161792K), 11 survivors (11264K)
 Metaspace       used 84568K, committed 85376K, reserved 1179648K
  class space    used 11080K, committed 11520K, reserved 1048576K
}
Event: 5872.937 GC heap after
{Heap after GC invocations=36 (full 0):
 garbage-first heap   total 270336K, used 88038K [0x0000000080000000, 0x0000000100000000)
  region size 1024K, 20 young (20480K), 20 survivors (20480K)
 Metaspace       used 84568K, committed 85376K, reserved 1179648K
  class space    used 11080K, committed 11520K, reserved 1048576K
}
Event: 5872.953 GC heap before
{Heap before GC invocations=36 (full 0):
 garbage-first heap   total 270336K, used 89062K [0x0000000080000000, 0x0000000100000000)
  region size 1024K, 21 young (21504K), 20 survivors (20480K)
 Metaspace       used 84651K, committed 85504K, reserved 1179648K
  class space    used 11085K, committed 11520K, reserved 1048576K
}
Event: 5873.019 GC heap after
{Heap after GC invocations=37 (full 0):
 garbage-first heap   total 270336K, used 87694K [0x0000000080000000, 0x0000000100000000)
  region size 1024K, 3 young (3072K), 3 survivors (3072K)
 Metaspace       used 84651K, committed 85504K, reserved 1179648K
  class space    used 11085K, committed 11520K, reserved 1048576K
}
Event: 5873.458 GC heap before
{Heap before GC invocations=37 (full 0):
 garbage-first heap   total 270336K, used 145038K [0x0000000080000000, 0x0000000100000000)
  region size 1024K, 61 young (62464K), 3 survivors (3072K)
 Metaspace       used 87159K, committed 87936K, reserved 1179648K
  class space    used 11390K, committed 11776K, reserved 1048576K
}
Event: 5873.469 GC heap after
{Heap after GC invocations=38 (full 0):
 garbage-first heap   total 270336K, used 91896K [0x0000000080000000, 0x0000000100000000)
  region size 1024K, 7 young (7168K), 7 survivors (7168K)
 Metaspace       used 87159K, committed 87936K, reserved 1179648K
  class space    used 11390K, committed 11776K, reserved 1048576K
}
Event: 5874.472 GC heap before
{Heap before GC invocations=39 (full 0):
 garbage-first heap   total 270336K, used 241400K [0x0000000080000000, 0x0000000100000000)
  region size 1024K, 132 young (135168K), 7 survivors (7168K)
 Metaspace       used 91702K, committed 92352K, reserved 1179648K
  class space    used 11962K, committed 12288K, reserved 1048576K
}
Event: 5874.505 GC heap after
{Heap after GC invocations=40 (full 0):
 garbage-first heap   total 270336K, used 133056K [0x0000000080000000, 0x0000000100000000)
  region size 1024K, 17 young (17408K), 17 survivors (17408K)
 Metaspace       used 91702K, committed 92352K, reserved 1179648K
  class space    used 11962K, committed 12288K, reserved 1048576K
}
Event: 5874.512 GC heap before
{Heap before GC invocations=40 (full 0):
 garbage-first heap   total 270336K, used 134080K [0x0000000080000000, 0x0000000100000000)
  region size 1024K, 18 young (18432K), 17 survivors (17408K)
 Metaspace       used 91721K, committed 92352K, reserved 1179648K
  class space    used 11964K, committed 12288K, reserved 1048576K
}
Event: 5874.541 GC heap after
{Heap after GC invocations=41 (full 0):
 garbage-first heap   total 270336K, used 129306K [0x0000000080000000, 0x0000000100000000)
  region size 1024K, 2 young (2048K), 2 survivors (2048K)
 Metaspace       used 91721K, committed 92352K, reserved 1179648K
  class space    used 11964K, committed 12288K, reserved 1048576K
}
Event: 5875.160 GC heap before
{Heap before GC invocations=41 (full 0):
 garbage-first heap   total 270336K, used 218394K [0x0000000080000000, 0x0000000100000000)
  region size 1024K, 90 young (92160K), 2 survivors (2048K)
 Metaspace       used 95620K, committed 96320K, reserved 1179648K
  class space    used 12489K, committed 12800K, reserved 1048576K
}
Event: 5875.176 GC heap after
{Heap after GC invocations=42 (full 0):
 garbage-first heap   total 270336K, used 136964K [0x0000000080000000, 0x0000000100000000)
  region size 1024K, 10 young (10240K), 10 survivors (10240K)
 Metaspace       used 95620K, committed 96320K, reserved 1179648K
  class space    used 12489K, committed 12800K, reserved 1048576K
}
Event: 5875.597 GC heap before
{Heap before GC invocations=43 (full 0):
 garbage-first heap   total 270336K, used 248580K [0x0000000080000000, 0x0000000100000000)
  region size 1024K, 90 young (92160K), 10 survivors (10240K)
 Metaspace       used 97201K, committed 97920K, reserved 1179648K
  class space    used 12728K, committed 13120K, reserved 1048576K
}
Event: 5875.607 GC heap after
{Heap after GC invocations=44 (full 0):
 garbage-first heap   total 272384K, used 160643K [0x0000000080000000, 0x0000000100000000)
  region size 1024K, 11 young (11264K), 11 survivors (11264K)
 Metaspace       used 97201K, committed 97920K, reserved 1179648K
  class space    used 12728K, committed 13120K, reserved 1048576K
}
Event: 5875.608 GC heap before
{Heap before GC invocations=44 (full 0):
 garbage-first heap   total 272384K, used 161667K [0x0000000080000000, 0x0000000100000000)
  region size 1024K, 13 young (13312K), 11 survivors (11264K)
 Metaspace       used 97201K, committed 97920K, reserved 1179648K
  class space    used 12728K, committed 13120K, reserved 1048576K
}

