# JRE version: OpenJDK Runtime Environment (17.0.11) (build 17.0.11+0--11852314)
# Java VM: OpenJDK 64-Bit Server VM (17.0.11+0--11852314, mixed mode, tiered, compressed oops, compressed class ptrs, g1 gc, windows-amd64)
GC Precious Log:
 CPUs: 12 total, 12 available
 Memory: 7916M
 Large Page Support: Disabled
 NUMA Support: Disabled
 Compressed Oops: Enabled (32-bit)
 Heap Region Size: 1M
 Heap Min Capacity: 8M
 Heap Initial Capacity: 124M
 Heap Max Capacity: 2G
 Pre-touch: Disabled
 Parallel Workers: 10
 Concurrent Workers: 3
 Concurrent Refinement Workers: 10
 Periodic GC: Disabled
Heap:
 garbage-first heap   total 362496K, used 216871K [0x0000000080000000, 0x0000000100000000)
  region size 1024K, 11 young (11264K), 11 survivors (11264K)
 Metaspace       used 88480K, committed 89216K, reserved 1179648K
  class space    used 11841K, committed 12224K, reserved 1048576K
GC Heap History (20 events):
Event: 7.708 GC heap after
{Heap after GC invocations=23 (full 0):
 garbage-first heap   total 167936K, used 55054K [0x0000000080000000, 0x0000000100000000)
  region size 1024K, 1 young (1024K), 1 survivors (1024K)
 Metaspace       used 62820K, committed 63488K, reserved 1114112K
  class space    used 8533K, committed 8832K, reserved 1048576K
}
Event: 8.142 GC heap before
{Heap before GC invocations=23 (full 0):
 garbage-first heap   total 167936K, used 132878K [0x0000000080000000, 0x0000000100000000)
  region size 1024K, 73 young (74752K), 1 survivors (1024K)
 Metaspace       used 66920K, committed 67584K, reserved 1114112K
  class space    used 9016K, committed 9344K, reserved 1048576K
}
Event: 8.151 GC heap after
{Heap after GC invocations=24 (full 0):
 garbage-first heap   total 167936K, used 62432K [0x0000000080000000, 0x0000000100000000)
  region size 1024K, 9 young (9216K), 9 survivors (9216K)
 Metaspace       used 66920K, committed 67584K, reserved 1114112K
  class space    used 9016K, committed 9344K, reserved 1048576K
}
Event: 8.543 GC heap before
{Heap before GC invocations=24 (full 0):
 garbage-first heap   total 167936K, used 127968K [0x0000000080000000, 0x0000000100000000)
  region size 1024K, 74 young (75776K), 9 survivors (9216K)
 Metaspace       used 67180K, committed 67840K, reserved 1114112K
  class space    used 9016K, committed 9344K, reserved 1048576K
}
Event: 8.549 GC heap after
{Heap after GC invocations=25 (full 0):
 garbage-first heap   total 167936K, used 64683K [0x0000000080000000, 0x0000000100000000)
  region size 1024K, 5 young (5120K), 5 survivors (5120K)
 Metaspace       used 67180K, committed 67840K, reserved 1114112K
  class space    used 9016K, committed 9344K, reserved 1048576K
}
Event: 8.803 GC heap before
{Heap before GC invocations=25 (full 0):
 garbage-first heap   total 167936K, used 130219K [0x0000000080000000, 0x0000000100000000)
  region size 1024K, 70 young (71680K), 5 survivors (5120K)
 Metaspace       used 67215K, committed 67840K, reserved 1114112K
  class space    used 9017K, committed 9344K, reserved 1048576K
}
Event: 8.808 GC heap after
{Heap after GC invocations=26 (full 0):
 garbage-first heap   total 335872K, used 65619K [0x0000000080000000, 0x0000000100000000)
  region size 1024K, 6 young (6144K), 6 survivors (6144K)
 Metaspace       used 67215K, committed 67840K, reserved 1114112K
  class space    used 9017K, committed 9344K, reserved 1048576K
}
Event: 9.858 GC heap before
{Heap before GC invocations=26 (full 0):
 garbage-first heap   total 335872K, used 268371K [0x0000000080000000, 0x0000000100000000)
  region size 1024K, 196 young (200704K), 6 survivors (6144K)
 Metaspace       used 73180K, committed 73984K, reserved 1114112K
  class space    used 9775K, committed 10176K, reserved 1048576K
}
Event: 9.874 GC heap after
{Heap after GC invocations=27 (full 0):
 garbage-first heap   total 335872K, used 85469K [0x0000000080000000, 0x0000000100000000)
  region size 1024K, 16 young (16384K), 16 survivors (16384K)
 Metaspace       used 73180K, committed 73984K, reserved 1114112K
  class space    used 9775K, committed 10176K, reserved 1048576K
}
Event: 10.774 GC heap before
{Heap before GC invocations=27 (full 0):
 garbage-first heap   total 335872K, used 280029K [0x0000000080000000, 0x0000000100000000)
  region size 1024K, 194 young (198656K), 16 survivors (16384K)
 Metaspace       used 82042K, committed 82752K, reserved 1179648K
  class space    used 11008K, committed 11392K, reserved 1048576K
}
Event: 10.864 GC heap after
{Heap after GC invocations=28 (full 0):
 garbage-first heap   total 335872K, used 118168K [0x0000000080000000, 0x0000000100000000)
  region size 1024K, 25 young (25600K), 25 survivors (25600K)
 Metaspace       used 82042K, committed 82752K, reserved 1179648K
  class space    used 11008K, committed 11392K, reserved 1048576K
}
Event: 11.510 GC heap before
{Heap before GC invocations=28 (full 0):
 garbage-first heap   total 335872K, used 301464K [0x0000000080000000, 0x0000000100000000)
  region size 1024K, 164 young (167936K), 25 survivors (25600K)
 Metaspace       used 86195K, committed 86912K, reserved 1179648K
  class space    used 11558K, committed 11904K, reserved 1048576K
}
Event: 11.553 GC heap after
{Heap after GC invocations=29 (full 0):
 garbage-first heap   total 354304K, used 160027K [0x0000000080000000, 0x0000000100000000)
  region size 1024K, 22 young (22528K), 22 survivors (22528K)
 Metaspace       used 86195K, committed 86912K, reserved 1179648K
  class space    used 11558K, committed 11904K, reserved 1048576K
}
Event: 11.675 GC heap before
{Heap before GC invocations=29 (full 0):
 garbage-first heap   total 354304K, used 219419K [0x0000000080000000, 0x0000000100000000)
  region size 1024K, 62 young (63488K), 22 survivors (22528K)
 Metaspace       used 86991K, committed 87744K, reserved 1179648K
  class space    used 11681K, committed 12032K, reserved 1048576K
}
Event: 11.698 GC heap after
{Heap after GC invocations=30 (full 0):
 garbage-first heap   total 354304K, used 174649K [0x0000000080000000, 0x0000000100000000)
  region size 1024K, 6 young (6144K), 6 survivors (6144K)
 Metaspace       used 86991K, committed 87744K, reserved 1179648K
  class space    used 11681K, committed 12032K, reserved 1048576K
}
Event: 12.272 GC heap before
{Heap before GC invocations=31 (full 0):
 garbage-first heap   total 362496K, used 280121K [0x0000000080000000, 0x0000000100000000)
  region size 1024K, 108 young (110592K), 6 survivors (6144K)
 Metaspace       used 87938K, committed 88640K, reserved 1179648K
  class space    used 11794K, committed 12160K, reserved 1048576K
}
Event: 12.296 GC heap after
{Heap after GC invocations=32 (full 0):
 garbage-first heap   total 362496K, used 195872K [0x0000000080000000, 0x0000000100000000)
  region size 1024K, 14 young (14336K), 14 survivors (14336K)
 Metaspace       used 87938K, committed 88640K, reserved 1179648K
  class space    used 11794K, committed 12160K, reserved 1048576K
}
Event: 12.305 GC heap before
{Heap before GC invocations=32 (full 0):
 garbage-first heap   total 362496K, used 198944K [0x0000000080000000, 0x0000000100000000)
  region size 1024K, 17 young (17408K), 14 survivors (14336K)
 Metaspace       used 87961K, committed 88640K, reserved 1179648K
  class space    used 11796K, committed 12160K, reserved 1048576K
}
Event: 12.317 GC heap after
{Heap after GC invocations=33 (full 0):
 garbage-first heap   total 362496K, used 197539K [0x0000000080000000, 0x0000000100000000)
  region size 1024K, 2 young (2048K), 2 survivors (2048K)
 Metaspace       used 87961K, committed 88640K, reserved 1179648K
  class space    used 11796K, committed 12160K, reserved 1048576K
}
Event: 12.797 GC heap before
{Heap before GC invocations=33 (full 0):
 garbage-first heap   total 362496K, used 288675K [0x0000000080000000, 0x0000000100000000)
  region size 1024K, 88 young (90112K), 2 survivors (2048K)
 Metaspace       used 88480K, committed 89216K, reserved 1179648K
  class space    used 11841K, committed 12224K, reserved 1048576K
}

