# JRE version: OpenJDK Runtime Environment (17.0.11) (build 17.0.11+0--11852314)
# Java VM: OpenJDK 64-Bit Server VM (17.0.11+0--11852314, mixed mode, tiered, compressed oops, compressed class ptrs, g1 gc, windows-amd64)
GC Precious Log:
 CPUs: 12 total, 12 available
 Memory: 7916M
 Large Page Support: Disabled
 NUMA Support: Disabled
 Compressed Oops: Enabled (32-bit)
 Heap Region Size: 1M
 Heap Min Capacity: 8M
 Heap Initial Capacity: 124M
 Heap Max Capacity: 2G
 Pre-touch: Disabled
 Parallel Workers: 10
 Concurrent Workers: 3
 Concurrent Refinement Workers: 10
 Periodic GC: Disabled
Heap:
 garbage-first heap   total 275456K, used 182640K [0x0000000080000000, 0x0000000100000000)
  region size 1024K, 8 young (8192K), 8 survivors (8192K)
 Metaspace       used 77142K, committed 77824K, reserved 1179648K
  class space    used 10303K, committed 10688K, reserved 1048576K
GC Heap History (20 events):
Event: 6.673 GC heap after
{Heap after GC invocations=27 (full 0):
 garbage-first heap   total 134144K, used 63258K [0x0000000080000000, 0x0000000100000000)
  region size 1024K, 1 young (1024K), 1 survivors (1024K)
 Metaspace       used 66858K, committed 67520K, reserved 1114112K
  class space    used 9005K, committed 9344K, reserved 1048576K
}
Event: 6.964 GC heap before
{Heap before GC invocations=27 (full 0):
 garbage-first heap   total 134144K, used 102170K [0x0000000080000000, 0x0000000100000000)
  region size 1024K, 40 young (40960K), 1 survivors (1024K)
 Metaspace       used 67050K, committed 67712K, reserved 1114112K
  class space    used 9005K, committed 9344K, reserved 1048576K
}
Event: 6.967 GC heap after
{Heap after GC invocations=28 (full 0):
 garbage-first heap   total 134144K, used 65959K [0x0000000080000000, 0x0000000100000000)
  region size 1024K, 4 young (4096K), 4 survivors (4096K)
 Metaspace       used 67050K, committed 67712K, reserved 1114112K
  class space    used 9005K, committed 9344K, reserved 1048576K
}
Event: 7.151 GC heap before
{Heap before GC invocations=29 (full 0):
 garbage-first heap   total 134144K, used 103847K [0x0000000080000000, 0x0000000100000000)
  region size 1024K, 42 young (43008K), 4 survivors (4096K)
 Metaspace       used 67098K, committed 67776K, reserved 1114112K
  class space    used 9004K, committed 9344K, reserved 1048576K
}
Event: 7.154 GC heap after
{Heap after GC invocations=30 (full 0):
 garbage-first heap   total 134144K, used 66996K [0x0000000080000000, 0x0000000100000000)
  region size 1024K, 4 young (4096K), 4 survivors (4096K)
 Metaspace       used 67098K, committed 67776K, reserved 1114112K
  class space    used 9004K, committed 9344K, reserved 1048576K
}
Event: 7.160 GC heap before
{Heap before GC invocations=30 (full 0):
 garbage-first heap   total 134144K, used 69044K [0x0000000080000000, 0x0000000100000000)
  region size 1024K, 6 young (6144K), 4 survivors (4096K)
 Metaspace       used 67100K, committed 67776K, reserved 1114112K
  class space    used 9005K, committed 9344K, reserved 1048576K
}
Event: 7.162 GC heap after
{Heap after GC invocations=31 (full 0):
 garbage-first heap   total 134144K, used 66438K [0x0000000080000000, 0x0000000100000000)
  region size 1024K, 1 young (1024K), 1 survivors (1024K)
 Metaspace       used 67100K, committed 67776K, reserved 1114112K
  class space    used 9005K, committed 9344K, reserved 1048576K
}
Event: 7.330 GC heap before
{Heap before GC invocations=31 (full 0):
 garbage-first heap   total 134144K, used 106374K [0x0000000080000000, 0x0000000100000000)
  region size 1024K, 40 young (40960K), 1 survivors (1024K)
 Metaspace       used 67150K, committed 67840K, reserved 1114112K
  class space    used 9005K, committed 9344K, reserved 1048576K
}
Event: 7.336 GC heap after
{Heap after GC invocations=32 (full 0):
 garbage-first heap   total 268288K, used 68737K [0x0000000080000000, 0x0000000100000000)
  region size 1024K, 4 young (4096K), 4 survivors (4096K)
 Metaspace       used 67150K, committed 67840K, reserved 1114112K
  class space    used 9005K, committed 9344K, reserved 1048576K
}
Event: 7.960 GC heap before
{Heap before GC invocations=33 (full 0):
 garbage-first heap   total 268288K, used 205953K [0x0000000080000000, 0x0000000100000000)
  region size 1024K, 139 young (142336K), 4 survivors (4096K)
 Metaspace       used 69286K, committed 69952K, reserved 1114112K
  class space    used 9314K, committed 9664K, reserved 1048576K
}
Event: 7.968 GC heap after
{Heap after GC invocations=34 (full 0):
 garbage-first heap   total 268288K, used 73457K [0x0000000080000000, 0x0000000100000000)
  region size 1024K, 8 young (8192K), 8 survivors (8192K)
 Metaspace       used 69286K, committed 69952K, reserved 1114112K
  class space    used 9314K, committed 9664K, reserved 1048576K
}
Event: 7.994 GC heap before
{Heap before GC invocations=34 (full 0):
 garbage-first heap   total 268288K, used 77553K [0x0000000080000000, 0x0000000100000000)
  region size 1024K, 13 young (13312K), 8 survivors (8192K)
 Metaspace       used 69755K, committed 70400K, reserved 1114112K
  class space    used 9357K, committed 9664K, reserved 1048576K
}
Event: 8.006 GC heap after
{Heap after GC invocations=35 (full 0):
 garbage-first heap   total 268288K, used 73204K [0x0000000080000000, 0x0000000100000000)
  region size 1024K, 2 young (2048K), 2 survivors (2048K)
 Metaspace       used 69755K, committed 70400K, reserved 1114112K
  class space    used 9357K, committed 9664K, reserved 1048576K
}
Event: 8.725 GC heap before
{Heap before GC invocations=35 (full 0):
 garbage-first heap   total 268288K, used 234996K [0x0000000080000000, 0x0000000100000000)
  region size 1024K, 139 young (142336K), 2 survivors (2048K)
 Metaspace       used 74738K, committed 75456K, reserved 1179648K
  class space    used 9971K, committed 10304K, reserved 1048576K
}
Event: 8.744 GC heap after
{Heap after GC invocations=36 (full 0):
 garbage-first heap   total 268288K, used 118243K [0x0000000080000000, 0x0000000100000000)
  region size 1024K, 18 young (18432K), 18 survivors (18432K)
 Metaspace       used 74738K, committed 75456K, reserved 1179648K
  class space    used 9971K, committed 10304K, reserved 1048576K
}
Event: 9.010 GC heap before
{Heap before GC invocations=36 (full 0):
 garbage-first heap   total 268288K, used 237027K [0x0000000080000000, 0x0000000100000000)
  region size 1024K, 102 young (104448K), 18 survivors (18432K)
 Metaspace       used 76310K, committed 76992K, reserved 1179648K
  class space    used 10195K, committed 10560K, reserved 1048576K
}
Event: 9.035 GC heap after
{Heap after GC invocations=37 (full 0):
 garbage-first heap   total 275456K, used 152168K [0x0000000080000000, 0x0000000100000000)
  region size 1024K, 14 young (14336K), 14 survivors (14336K)
 Metaspace       used 76310K, committed 76992K, reserved 1179648K
  class space    used 10195K, committed 10560K, reserved 1048576K
}
Event: 9.204 GC heap before
{Heap before GC invocations=37 (full 0):
 garbage-first heap   total 275456K, used 241256K [0x0000000080000000, 0x0000000100000000)
  region size 1024K, 81 young (82944K), 14 survivors (14336K)
 Metaspace       used 77075K, committed 77824K, reserved 1179648K
  class space    used 10303K, committed 10688K, reserved 1048576K
}
Event: 9.218 GC heap after
{Heap after GC invocations=38 (full 0):
 garbage-first heap   total 275456K, used 173057K [0x0000000080000000, 0x0000000100000000)
  region size 1024K, 11 young (11264K), 11 survivors (11264K)
 Metaspace       used 77075K, committed 77824K, reserved 1179648K
  class space    used 10303K, committed 10688K, reserved 1048576K
}
Event: 9.293 GC heap before
{Heap before GC invocations=38 (full 0):
 garbage-first heap   total 275456K, used 222209K [0x0000000080000000, 0x0000000100000000)
  region size 1024K, 59 young (60416K), 11 survivors (11264K)
 Metaspace       used 77142K, committed 77824K, reserved 1179648K
  class space    used 10303K, committed 10688K, reserved 1048576K
}

