# JRE version: OpenJDK Runtime Environment (17.0.11) (build 17.0.11+0--11852314)
# Java VM: OpenJDK 64-Bit Server VM (17.0.11+0--11852314, mixed mode, tiered, compressed oops, compressed class ptrs, g1 gc, windows-amd64)
GC Precious Log:
 CPUs: 12 total, 12 available
 Memory: 7916M
 Large Page Support: Disabled
 NUMA Support: Disabled
 Compressed Oops: Enabled (32-bit)
 Heap Region Size: 1M
 Heap Min Capacity: 8M
 Heap Initial Capacity: 124M
 Heap Max Capacity: 2G
 Pre-touch: Disabled
 Parallel Workers: 10
 Concurrent Workers: 3
 Concurrent Refinement Workers: 10
 Periodic GC: Disabled
Heap:
 garbage-first heap   total 280576K, used 186018K [0x0000000080000000, 0x0000000100000000)
  region size 1024K, 8 young (8192K), 8 survivors (8192K)
 Metaspace       used 78198K, committed 78912K, reserved 1179648K
  class space    used 10436K, committed 10816K, reserved 1048576K
GC Heap History (20 events):
Event: 7.754 GC heap after
{Heap after GC invocations=27 (full 0):
 garbage-first heap   total 106496K, used 58881K [0x0000000080000000, 0x0000000100000000)
  region size 1024K, 4 young (4096K), 4 survivors (4096K)
 Metaspace       used 65645K, committed 66240K, reserved 1114112K
  class space    used 8872K, committed 9152K, reserved 1048576K
}
Event: 7.763 GC heap before
{Heap before GC invocations=27 (full 0):
 garbage-first heap   total 106496K, used 59905K [0x0000000080000000, 0x0000000100000000)
  region size 1024K, 5 young (5120K), 4 survivors (4096K)
 Metaspace       used 65674K, committed 66368K, reserved 1114112K
  class space    used 8879K, committed 9216K, reserved 1048576K
}
Event: 7.768 GC heap after
{Heap after GC invocations=28 (full 0):
 garbage-first heap   total 212992K, used 59508K [0x0000000080000000, 0x0000000100000000)
  region size 1024K, 1 young (1024K), 1 survivors (1024K)
 Metaspace       used 65674K, committed 66368K, reserved 1114112K
  class space    used 8879K, committed 9216K, reserved 1048576K
}
Event: 8.441 GC heap before
{Heap before GC invocations=28 (full 0):
 garbage-first heap   total 212992K, used 158836K [0x0000000080000000, 0x0000000100000000)
  region size 1024K, 99 young (101376K), 1 survivors (1024K)
 Metaspace       used 67172K, committed 67840K, reserved 1114112K
  class space    used 9009K, committed 9344K, reserved 1048576K
}
Event: 8.449 GC heap after
{Heap after GC invocations=29 (full 0):
 garbage-first heap   total 212992K, used 64573K [0x0000000080000000, 0x0000000100000000)
  region size 1024K, 6 young (6144K), 6 survivors (6144K)
 Metaspace       used 67172K, committed 67840K, reserved 1114112K
  class space    used 9009K, committed 9344K, reserved 1048576K
}
Event: 9.135 GC heap before
{Heap before GC invocations=29 (full 0):
 garbage-first heap   total 212992K, used 162877K [0x0000000080000000, 0x0000000100000000)
  region size 1024K, 103 young (105472K), 6 survivors (6144K)
 Metaspace       used 67243K, committed 67904K, reserved 1114112K
  class space    used 9009K, committed 9344K, reserved 1048576K
}
Event: 9.143 GC heap after
{Heap after GC invocations=30 (full 0):
 garbage-first heap   total 212992K, used 67070K [0x0000000080000000, 0x0000000100000000)
  region size 1024K, 9 young (9216K), 9 survivors (9216K)
 Metaspace       used 67243K, committed 67904K, reserved 1114112K
  class space    used 9009K, committed 9344K, reserved 1048576K
}
Event: 9.796 GC heap before
{Heap before GC invocations=30 (full 0):
 garbage-first heap   total 212992K, used 167422K [0x0000000080000000, 0x0000000100000000)
  region size 1024K, 108 young (110592K), 9 survivors (9216K)
 Metaspace       used 69604K, committed 70272K, reserved 1114112K
  class space    used 9337K, committed 9664K, reserved 1048576K
}
Event: 9.806 GC heap after
{Heap after GC invocations=31 (full 0):
 garbage-first heap   total 212992K, used 70957K [0x0000000080000000, 0x0000000100000000)
  region size 1024K, 9 young (9216K), 9 survivors (9216K)
 Metaspace       used 69604K, committed 70272K, reserved 1114112K
  class space    used 9337K, committed 9664K, reserved 1048576K
}
Event: 10.676 GC heap before
{Heap before GC invocations=31 (full 0):
 garbage-first heap   total 212992K, used 192813K [0x0000000080000000, 0x0000000100000000)
  region size 1024K, 107 young (109568K), 9 survivors (9216K)
 Metaspace       used 73950K, committed 74624K, reserved 1114112K
  class space    used 9838K, committed 10176K, reserved 1048576K
}
Event: 10.688 GC heap after
{Heap after GC invocations=32 (full 0):
 garbage-first heap   total 219136K, used 109200K [0x0000000080000000, 0x0000000100000000)
  region size 1024K, 14 young (14336K), 14 survivors (14336K)
 Metaspace       used 73950K, committed 74624K, reserved 1114112K
  class space    used 9838K, committed 10176K, reserved 1048576K
}
Event: 11.006 GC heap before
{Heap before GC invocations=32 (full 0):
 garbage-first heap   total 219136K, used 171664K [0x0000000080000000, 0x0000000100000000)
  region size 1024K, 76 young (77824K), 14 survivors (14336K)
 Metaspace       used 75908K, committed 76672K, reserved 1179648K
  class space    used 10095K, committed 10496K, reserved 1048576K
}
Event: 11.017 GC heap after
{Heap after GC invocations=33 (full 0):
 garbage-first heap   total 219136K, used 117748K [0x0000000080000000, 0x0000000100000000)
  region size 1024K, 8 young (8192K), 8 survivors (8192K)
 Metaspace       used 75908K, committed 76672K, reserved 1179648K
  class space    used 10095K, committed 10496K, reserved 1048576K
}
Event: 11.306 GC heap before
{Heap before GC invocations=33 (full 0):
 garbage-first heap   total 219136K, used 173044K [0x0000000080000000, 0x0000000100000000)
  region size 1024K, 63 young (64512K), 8 survivors (8192K)
 Metaspace       used 77315K, committed 78080K, reserved 1179648K
  class space    used 10301K, committed 10688K, reserved 1048576K
}
Event: 11.315 GC heap after
{Heap after GC invocations=34 (full 0):
 garbage-first heap   total 219136K, used 125352K [0x0000000080000000, 0x0000000100000000)
  region size 1024K, 8 young (8192K), 8 survivors (8192K)
 Metaspace       used 77315K, committed 78080K, reserved 1179648K
  class space    used 10301K, committed 10688K, reserved 1048576K
}
Event: 11.570 GC heap before
{Heap before GC invocations=35 (full 0):
 garbage-first heap   total 280576K, used 230824K [0x0000000080000000, 0x0000000100000000)
  region size 1024K, 57 young (58368K), 8 survivors (8192K)
 Metaspace       used 77521K, committed 78336K, reserved 1179648K
  class space    used 10333K, committed 10752K, reserved 1048576K
}
Event: 11.675 GC heap after
{Heap after GC invocations=36 (full 0):
 garbage-first heap   total 280576K, used 164075K [0x0000000080000000, 0x0000000100000000)
  region size 1024K, 8 young (8192K), 8 survivors (8192K)
 Metaspace       used 77521K, committed 78336K, reserved 1179648K
  class space    used 10333K, committed 10752K, reserved 1048576K
}
Event: 11.696 GC heap before
{Heap before GC invocations=36 (full 0):
 garbage-first heap   total 280576K, used 169195K [0x0000000080000000, 0x0000000100000000)
  region size 1024K, 13 young (13312K), 8 survivors (8192K)
 Metaspace       used 77577K, committed 78336K, reserved 1179648K
  class space    used 10351K, committed 10752K, reserved 1048576K
}
Event: 11.700 GC heap after
{Heap after GC invocations=37 (full 0):
 garbage-first heap   total 280576K, used 164226K [0x0000000080000000, 0x0000000100000000)
  region size 1024K, 2 young (2048K), 2 survivors (2048K)
 Metaspace       used 77577K, committed 78336K, reserved 1179648K
  class space    used 10351K, committed 10752K, reserved 1048576K
}
Event: 11.896 GC heap before
{Heap before GC invocations=37 (full 0):
 garbage-first heap   total 280576K, used 230786K [0x0000000080000000, 0x0000000100000000)
  region size 1024K, 59 young (60416K), 2 survivors (2048K)
 Metaspace       used 78198K, committed 78912K, reserved 1179648K
  class space    used 10436K, committed 10816K, reserved 1048576K
}

